[2025-01-30 17:42:28,748: INFO: main: Welcome to our custom logging]
[2025-01-30 17:45:08,615: INFO: main: Welcome to our custom logging]
[2025-01-30 17:47:58,474: INFO: main: Welcome to our custom logging]
[2025-02-03 17:32:10,754: INFO: common: yaml file: config/config.yaml loaded successfully]
[2025-02-03 17:32:10,755: INFO: common: yaml file: params.yaml loaded successfully]
[2025-02-03 17:32:10,756: INFO: common: yaml file: schema.yaml loaded successfully]
[2025-02-03 17:32:10,756: INFO: common: created directory at artifacts]
[2025-02-03 17:34:57,241: INFO: common: yaml file: config/config.yaml loaded successfully]
[2025-02-03 17:34:57,243: INFO: common: yaml file: params.yaml loaded successfully]
[2025-02-03 17:34:57,244: INFO: common: yaml file: schema.yaml loaded successfully]
[2025-02-03 17:34:57,244: INFO: common: created directory at artifacts]
[2025-02-03 17:35:38,788: INFO: common: yaml file: config/config.yaml loaded successfully]
[2025-02-03 17:35:38,789: INFO: common: yaml file: params.yaml loaded successfully]
[2025-02-03 17:35:38,790: INFO: common: yaml file: schema.yaml loaded successfully]
[2025-02-03 17:35:38,791: INFO: common: created directory at artifacts]
[2025-02-03 17:35:38,791: INFO: common: created directory at artifacts/data_ingestion]
[2025-02-03 17:36:00,615: INFO: common: yaml file: config/config.yaml loaded successfully]
[2025-02-03 17:36:00,616: INFO: common: yaml file: params.yaml loaded successfully]
[2025-02-03 17:36:00,617: INFO: common: yaml file: schema.yaml loaded successfully]
[2025-02-03 17:36:00,618: INFO: common: created directory at artifacts]
[2025-02-03 17:36:00,618: INFO: common: created directory at artifacts/data_ingestion]
[2025-02-03 17:36:00,618: INFO: 3781732689: File already exists of size: ~21 KB]
[2025-02-03 17:36:17,840: INFO: common: yaml file: config/config.yaml loaded successfully]
[2025-02-03 17:36:17,841: INFO: common: yaml file: params.yaml loaded successfully]
[2025-02-03 17:36:17,841: INFO: common: yaml file: schema.yaml loaded successfully]
[2025-02-03 17:36:17,841: INFO: common: created directory at artifacts]
[2025-02-03 17:36:17,842: INFO: common: created directory at artifacts/data_ingestion]
[2025-02-03 17:36:17,842: INFO: 3393839932: File already exists of size: ~21 KB]
[2025-02-04 10:46:14,864: INFO: main: Welcome to our custom logging]
[2025-02-04 10:46:14,865: INFO: main: >>>>>>>> stage Data Ingestion Stage started <<<<<<<]
[2025-02-04 10:46:14,865: INFO: common: yaml file: config/config.yaml loaded successfully]
[2025-02-04 10:46:14,866: INFO: common: yaml file: params.yaml loaded successfully]
[2025-02-04 10:46:14,866: INFO: common: yaml file: schema.yaml loaded successfully]
[2025-02-04 10:46:14,866: INFO: common: created directory at artifacts]
[2025-02-04 10:46:14,866: INFO: common: created directory at artifacts/data_ingestion]
[2025-02-04 10:46:15,269: INFO: data_ingestion: artifacts/data_ingestion/data.zip download! with following info: 
 Connection: close
Content-Length: 21984
Cache-Control: max-age=300
Content-Security-Policy: default-src 'none'; style-src 'unsafe-inline'; sandbox
Content-Type: application/zip
ETag: "85a38be3d4c70e3b6dc97fc47873623da88c9b850e1526aeb57ff236bdd2815c"
Strict-Transport-Security: max-age=31536000
X-Content-Type-Options: nosniff
X-Frame-Options: deny
X-XSS-Protection: 1; mode=block
X-GitHub-Request-Id: 689F:61D82:262E8:29F2F:67A23647
Accept-Ranges: bytes
Date: Tue, 04 Feb 2025 15:46:15 GMT
Via: 1.1 varnish
X-Served-By: cache-ewr-kewr1740026-EWR
X-Cache: MISS
X-Cache-Hits: 0
X-Timer: S1738683975.199135,VS0,VE105
Vary: Authorization,Accept-Encoding,Origin
Access-Control-Allow-Origin: *
Cross-Origin-Resource-Policy: cross-origin
X-Fastly-Request-ID: bb1166014fcae16f16befd8693a5f8686414e335
Expires: Tue, 04 Feb 2025 15:51:15 GMT
Source-Age: 0

]
[2025-02-04 10:46:15,271: INFO: main: >>>>>> stage Data Ingestion Stage completed <<<<<<

x==========x]
